<?xml version="1.0" encoding="UTF-8"?>
<!-- Generated by org.testng.reporters.JUnitXMLReporter -->
<testsuite hostname="DEVESHK-M-R0FQ" ignored="0" name="Test" tests="1" failures="0" timestamp="30 May 2020 03:30:03 GMT" time="44.782" errors="0">
  <testcase name="@AfterMethod tearDown" time="0.001" classname="com.qa.heartsApp.BaseClass.TestBase">
    <failure type="java.lang.NullPointerException">
      <![CDATA[java.lang.NullPointerException
	at com.qa.heartsApp.BaseClass.TestBase.tearDown(TestBase.java:82)
... Removed 27 stack frames]]>
    </failure>
  </testcase> <!-- @AfterMethod tearDown -->
  <testcase name="@AfterTest endReport" time="0.0" classname="com.qa.heartsApp.BaseClass.TestBase">
    <skipped/>
  </testcase> <!-- @AfterTest endReport -->
  <testcase name="testLogin" time="40.619" classname="com.qa.heartsApp.TestCase.LoginTests"/>
</testsuite> <!-- Test -->
