<?xml version="1.0" encoding="UTF-8"?>
<testng-results skipped="0" failed="0" ignored="0" total="1" passed="1">
  <reporter-output>
  </reporter-output>
  <suite name="Default suite" duration-ms="46174" started-at="2020-05-30T03:37:19Z" finished-at="2020-05-30T03:38:05Z">
    <groups>
    </groups>
    <test name="Default test" duration-ms="46174" started-at="2020-05-30T03:37:19Z" finished-at="2020-05-30T03:38:05Z">
      <class name="com.qa.heartsApp.TestCase.LoginTests">
        <test-method status="PASS" signature="setExtent()[pri:0, instance:com.qa.heartsApp.TestCase.LoginTests@64729b1e]" name="setExtent" is-config="true" duration-ms="139" started-at="2020-05-30T09:07:19Z" finished-at="2020-05-30T09:07:19Z">
          <reporter-output>
          </reporter-output>
        </test-method> <!-- setExtent -->
        <test-method status="PASS" signature="setup()[pri:0, instance:com.qa.heartsApp.TestCase.LoginTests@64729b1e]" name="setup" is-config="true" duration-ms="3190" started-at="2020-05-30T09:07:20Z" finished-at="2020-05-30T09:07:23Z">
          <reporter-output>
          </reporter-output>
        </test-method> <!-- setup -->
        <test-method status="PASS" signature="testLogin(java.lang.String, java.lang.String, java.lang.reflect.Method)[pri:0, instance:com.qa.heartsApp.TestCase.LoginTests@64729b1e]" name="testLogin" duration-ms="41332" started-at="2020-05-30T09:07:23Z" data-provider="getLoginlists" finished-at="2020-05-30T09:08:04Z">
          <params>
            <param index="0">
              <value>
                <![CDATA[devsoftwareengg@gmail.com]]>
              </value>
            </param>
            <param index="1">
              <value>
                <![CDATA[Password1]]>
              </value>
            </param>
            <param index="2">
              <value>
                <![CDATA[public void com.qa.heartsApp.TestCase.LoginTests.testLogin(java.lang.String,java.lang.String,java.lang.reflect.Method)]]>
              </value>
            </param>
          </params>
          <reporter-output>
          </reporter-output>
        </test-method> <!-- testLogin -->
        <test-method status="PASS" signature="teardown()[pri:0, instance:com.qa.heartsApp.TestCase.LoginTests@64729b1e]" name="teardown" is-config="true" duration-ms="606" started-at="2020-05-30T09:08:04Z" finished-at="2020-05-30T09:08:05Z">
          <reporter-output>
          </reporter-output>
        </test-method> <!-- teardown -->
        <test-method status="PASS" signature="tearDown(org.testng.ITestResult)[pri:0, instance:com.qa.heartsApp.TestCase.LoginTests@64729b1e]" name="tearDown" is-config="true" duration-ms="3" started-at="2020-05-30T09:08:05Z" finished-at="2020-05-30T09:08:05Z">
          <params>
            <param index="0">
              <value>
                <![CDATA[[TestResult name=testLogin status=SUCCESS method=LoginTests.testLogin(java.lang.String, java.lang.String, java.lang.reflect.Method)[pri:0, instance:com.qa.heartsApp.TestCase.LoginTests@64729b1e] output={null}]]]>
              </value>
            </param>
          </params>
          <reporter-output>
          </reporter-output>
        </test-method> <!-- tearDown -->
        <test-method status="PASS" signature="endReport()[pri:0, instance:com.qa.heartsApp.TestCase.LoginTests@64729b1e]" name="endReport" is-config="true" duration-ms="276" started-at="2020-05-30T09:08:05Z" finished-at="2020-05-30T09:08:05Z">
          <reporter-output>
          </reporter-output>
        </test-method> <!-- endReport -->
      </class> <!-- com.qa.heartsApp.TestCase.LoginTests -->
    </test> <!-- Default test -->
  </suite> <!-- Default suite -->
</testng-results>
